# JRE version: OpenJDK Runtime Environment GraalVM CE 22.3.0 (17.0.5+8) (build 17.0.5+8-jvmci-22.3-b08)
# Java VM: OpenJDK 64-Bit Server VM GraalVM CE 22.3.0 (17.0.5+8-jvmci-22.3-b08, mixed mode, sharing, tiered, jvmci, jvmci compiler, compressed oops, compressed class ptrs, parallel gc, linux-amd64)
GC Precious Log:
 CPUs: 8 total, 1 available
 Memory: 1024M
 Large Page Support: Disabled
 NUMA Support: Disabled
 Compressed Oops: Enabled (32-bit)
 Alignments: Space 512K, Generation 512K, Heap 2M
 Heap Min Capacity: 100M
 Heap Initial Capacity: 100M
 Heap Max Capacity: 512M
 Pre-touch: Disabled
 Parallel Workers: 1
Heap:
 PSYoungGen      total 39424K, used 29184K [0x00000000f5580000, 0x00000000f8800000, 0x0000000100000000)
  eden space 29184K, 100% used [0x00000000f5580000,0x00000000f7200000,0x00000000f7200000)
  from space 10240K, 0% used [0x00000000f7c00000,0x00000000f7c00000,0x00000000f8600000)
  to   space 512K, 0% used [0x00000000f7280000,0x00000000f7280000,0x00000000f7300000)
 ParOldGen       total 349696K, used 349695K [0x00000000e0000000, 0x00000000f5580000, 0x00000000f5580000)
  object space 349696K, 99% used [0x00000000e0000000,0x00000000f557fff8,0x00000000f5580000)
 Metaspace       used 55207K, committed 56320K, reserved 1105920K
  class space    used 5452K, committed 5888K, reserved 1048576K
GC Heap History (20 events):
Event: 841.928 GC heap before
{Heap before GC invocations=475 (full 375):
 PSYoungGen      total 39424K, used 29184K [0x00000000f5580000, 0x00000000f8800000, 0x0000000100000000)
  eden space 29184K, 100% used [0x00000000f5580000,0x00000000f7200000,0x00000000f7200000)
  from space 10240K, 0% used [0x00000000f7c00000,0x00000000f7c00000,0x00000000f8600000)
  to   space 512K, 0% used [0x00000000f7280000,0x00000000f7280000,0x00000000f7300000)
 ParOldGen       total 349696K, used 349695K [0x00000000e0000000, 0x00000000f5580000, 0x00000000f5580000)
  object space 349696K, 99% used [0x00000000e0000000,0x00000000f557ffe8,0x00000000f5580000)
 Metaspace       used 55207K, committed 56320K, reserved 1105920K
  class space    used 5452K, committed 5888K, reserved 1048576K
}
Event: 843.729 GC heap after
{Heap after GC invocations=475 (full 375):
 PSYoungGen      total 29696K, used 29184K [0x00000000f5580000, 0x00000000f8800000, 0x0000000100000000)
  eden space 29184K, 100% used [0x00000000f5580000,0x00000000f7200000,0x00000000f7200000)
  from space 512K, 0% used [0x00000000f7280000,0x00000000f7280000,0x00000000f7300000)
  to   space 10240K, 0% used [0x00000000f7c00000,0x00000000f7c00000,0x00000000f8600000)
 ParOldGen       total 349696K, used 349695K [0x00000000e0000000, 0x00000000f5580000, 0x00000000f5580000)
  object space 349696K, 99% used [0x00000000e0000000,0x00000000f557ffe8,0x00000000f5580000)
 Metaspace       used 55207K, committed 56320K, reserved 1105920K
  class space    used 5452K, committed 5888K, reserved 1048576K
}
Event: 843.794 GC heap before
{Heap before GC invocations=476 (full 376):
 PSYoungGen      total 29696K, used 29184K [0x00000000f5580000, 0x00000000f8800000, 0x0000000100000000)
  eden space 29184K, 100% used [0x00000000f5580000,0x00000000f7200000,0x00000000f7200000)
  from space 512K, 0% used [0x00000000f7280000,0x00000000f7280000,0x00000000f7300000)
  to   space 10240K, 0% used [0x00000000f7c00000,0x00000000f7c00000,0x00000000f8600000)
 ParOldGen       total 349696K, used 349695K [0x00000000e0000000, 0x00000000f5580000, 0x00000000f5580000)
  object space 349696K, 99% used [0x00000000e0000000,0x00000000f557fff8,0x00000000f5580000)
 Metaspace       used 55207K, committed 56320K, reserved 1105920K
  class space    used 5452K, committed 5888K, reserved 1048576K
}
Event: 845.858 GC heap after
{Heap after GC invocations=476 (full 376):
 PSYoungGen      total 39424K, used 29184K [0x00000000f5580000, 0x00000000f8800000, 0x0000000100000000)
  eden space 29184K, 100% used [0x00000000f5580000,0x00000000f7200000,0x00000000f7200000)
  from space 10240K, 0% used [0x00000000f7c00000,0x00000000f7c00000,0x00000000f8600000)
  to   space 512K, 0% used [0x00000000f7280000,0x00000000f7280000,0x00000000f7300000)
 ParOldGen       total 349696K, used 349695K [0x00000000e0000000, 0x00000000f5580000, 0x00000000f5580000)
  object space 349696K, 99% used [0x00000000e0000000,0x00000000f557ffd0,0x00000000f5580000)
 Metaspace       used 55207K, committed 56320K, reserved 1105920K
  class space    used 5452K, committed 5888K, reserved 1048576K
}
Event: 845.864 GC heap before
{Heap before GC invocations=477 (full 377):
 PSYoungGen      total 39424K, used 29184K [0x00000000f5580000, 0x00000000f8800000, 0x0000000100000000)
  eden space 29184K, 100% used [0x00000000f5580000,0x00000000f7200000,0x00000000f7200000)
  from space 10240K, 0% used [0x00000000f7c00000,0x00000000f7c00000,0x00000000f8600000)
  to   space 512K, 0% used [0x00000000f7280000,0x00000000f7280000,0x00000000f7300000)
 ParOldGen       total 349696K, used 349696K [0x00000000e0000000, 0x00000000f5580000, 0x00000000f5580000)
  object space 349696K, 100% used [0x00000000e0000000,0x00000000f5580000,0x00000000f5580000)
 Metaspace       used 55207K, committed 56320K, reserved 1105920K
  class space    used 5452K, committed 5888K, reserved 1048576K
}
Event: 848.375 GC heap after
{Heap after GC invocations=477 (full 377):
 PSYoungGen      total 29696K, used 29184K [0x00000000f5580000, 0x00000000f8800000, 0x0000000100000000)
  eden space 29184K, 100% used [0x00000000f5580000,0x00000000f7200000,0x00000000f7200000)
  from space 512K, 0% used [0x00000000f7280000,0x00000000f7280000,0x00000000f7300000)
  to   space 10240K, 0% used [0x00000000f7c00000,0x00000000f7c00000,0x00000000f8600000)
 ParOldGen       total 349696K, used 349695K [0x00000000e0000000, 0x00000000f5580000, 0x00000000f5580000)
  object space 349696K, 99% used [0x00000000e0000000,0x00000000f557ffd0,0x00000000f5580000)
 Metaspace       used 55207K, committed 56320K, reserved 1105920K
  class space    used 5452K, committed 5888K, reserved 1048576K
}
Event: 848.375 GC heap before
{Heap before GC invocations=478 (full 378):
 PSYoungGen      total 29696K, used 29184K [0x00000000f5580000, 0x00000000f8800000, 0x0000000100000000)
  eden space 29184K, 100% used [0x00000000f5580000,0x00000000f7200000,0x00000000f7200000)
  from space 512K, 0% used [0x00000000f7280000,0x00000000f7280000,0x00000000f7300000)
  to   space 10240K, 0% used [0x00000000f7c00000,0x00000000f7c00000,0x00000000f8600000)
 ParOldGen       total 349696K, used 349696K [0x00000000e0000000, 0x00000000f5580000, 0x00000000f5580000)
  object space 349696K, 100% used [0x00000000e0000000,0x00000000f5580000,0x00000000f5580000)
 Metaspace       used 55207K, committed 56320K, reserved 1105920K
  class space    used 5452K, committed 5888K, reserved 1048576K
}
Event: 850.449 GC heap after
{Heap after GC invocations=478 (full 378):
 PSYoungGen      total 39424K, used 29184K [0x00000000f5580000, 0x00000000f8800000, 0x0000000100000000)
  eden space 29184K, 100% used [0x00000000f5580000,0x00000000f7200000,0x00000000f7200000)
  from space 10240K, 0% used [0x00000000f7c00000,0x00000000f7c00000,0x00000000f8600000)
  to   space 512K, 0% used [0x00000000f7280000,0x00000000f7280000,0x00000000f7300000)
 ParOldGen       total 349696K, used 349695K [0x00000000e0000000, 0x00000000f5580000, 0x00000000f5580000)
  object space 349696K, 99% used [0x00000000e0000000,0x00000000f557ffd0,0x00000000f5580000)
 Metaspace       used 55207K, committed 56320K, reserved 1105920K
  class space    used 5452K, committed 5888K, reserved 1048576K
}
Event: 850.450 GC heap before
{Heap before GC invocations=479 (full 379):
 PSYoungGen      total 39424K, used 29184K [0x00000000f5580000, 0x00000000f8800000, 0x0000000100000000)
  eden space 29184K, 100% used [0x00000000f5580000,0x00000000f7200000,0x00000000f7200000)
  from space 10240K, 0% used [0x00000000f7c00000,0x00000000f7c00000,0x00000000f8600000)
  to   space 512K, 0% used [0x00000000f7280000,0x00000000f7280000,0x00000000f7300000)
 ParOldGen       total 349696K, used 349696K [0x00000000e0000000, 0x00000000f5580000, 0x00000000f5580000)
  object space 349696K, 100% used [0x00000000e0000000,0x00000000f5580000,0x00000000f5580000)
 Metaspace       used 55207K, committed 56320K, reserved 1105920K
  class space    used 5452K, committed 5888K, reserved 1048576K
}
Event: 852.535 GC heap after
{Heap after GC invocations=479 (full 379):
 PSYoungGen      total 29696K, used 29184K [0x00000000f5580000, 0x00000000f8800000, 0x0000000100000000)
  eden space 29184K, 100% used [0x00000000f5580000,0x00000000f7200000,0x00000000f7200000)
  from space 512K, 0% used [0x00000000f7280000,0x00000000f7280000,0x00000000f7300000)
  to   space 10240K, 0% used [0x00000000f7c00000,0x00000000f7c00000,0x00000000f8600000)
 ParOldGen       total 349696K, used 349695K [0x00000000e0000000, 0x00000000f5580000, 0x00000000f5580000)
  object space 349696K, 99% used [0x00000000e0000000,0x00000000f557ffd0,0x00000000f5580000)
 Metaspace       used 55207K, committed 56320K, reserved 1105920K
  class space    used 5452K, committed 5888K, reserved 1048576K
}
Event: 852.535 GC heap before
{Heap before GC invocations=480 (full 380):
 PSYoungGen      total 29696K, used 29184K [0x00000000f5580000, 0x00000000f8800000, 0x0000000100000000)
  eden space 29184K, 100% used [0x00000000f5580000,0x00000000f7200000,0x00000000f7200000)
  from space 512K, 0% used [0x00000000f7280000,0x00000000f7280000,0x00000000f7300000)
  to   space 10240K, 0% used [0x00000000f7c00000,0x00000000f7c00000,0x00000000f8600000)
 ParOldGen       total 349696K, used 349696K [0x00000000e0000000, 0x00000000f5580000, 0x00000000f5580000)
  object space 349696K, 100% used [0x00000000e0000000,0x00000000f5580000,0x00000000f5580000)
 Metaspace       used 55207K, committed 56320K, reserved 1105920K
  class space    used 5452K, committed 5888K, reserved 1048576K
}
Event: 854.531 GC heap after
{Heap after GC invocations=480 (full 380):
 PSYoungGen      total 39424K, used 29184K [0x00000000f5580000, 0x00000000f8800000, 0x0000000100000000)
  eden space 29184K, 100% used [0x00000000f5580000,0x00000000f7200000,0x00000000f7200000)
  from space 10240K, 0% used [0x00000000f7c00000,0x00000000f7c00000,0x00000000f8600000)
  to   space 512K, 0% used [0x00000000f7280000,0x00000000f7280000,0x00000000f7300000)
 ParOldGen       total 349696K, used 349695K [0x00000000e0000000, 0x00000000f5580000, 0x00000000f5580000)
  object space 349696K, 99% used [0x00000000e0000000,0x00000000f557ffd0,0x00000000f5580000)
 Metaspace       used 55207K, committed 56320K, reserved 1105920K
  class space    used 5452K, committed 5888K, reserved 1048576K
}
Event: 854.531 GC heap before
{Heap before GC invocations=481 (full 381):
 PSYoungGen      total 39424K, used 29184K [0x00000000f5580000, 0x00000000f8800000, 0x0000000100000000)
  eden space 29184K, 100% used [0x00000000f5580000,0x00000000f7200000,0x00000000f7200000)
  from space 10240K, 0% used [0x00000000f7c00000,0x00000000f7c00000,0x00000000f8600000)
  to   space 512K, 0% used [0x00000000f7280000,0x00000000f7280000,0x00000000f7300000)
 ParOldGen       total 349696K, used 349696K [0x00000000e0000000, 0x00000000f5580000, 0x00000000f5580000)
  object space 349696K, 100% used [0x00000000e0000000,0x00000000f5580000,0x00000000f5580000)
 Metaspace       used 55207K, committed 56320K, reserved 1105920K
  class space    used 5452K, committed 5888K, reserved 1048576K
}
Event: 856.399 GC heap after
{Heap after GC invocations=481 (full 381):
 PSYoungGen      total 29696K, used 29184K [0x00000000f5580000, 0x00000000f8800000, 0x0000000100000000)
  eden space 29184K, 100% used [0x00000000f5580000,0x00000000f7200000,0x00000000f7200000)
  from space 512K, 0% used [0x00000000f7280000,0x00000000f7280000,0x00000000f7300000)
  to   space 10240K, 0% used [0x00000000f7c00000,0x00000000f7c00000,0x00000000f8600000)
 ParOldGen       total 349696K, used 349695K [0x00000000e0000000, 0x00000000f5580000, 0x00000000f5580000)
  object space 349696K, 99% used [0x00000000e0000000,0x00000000f557ffd0,0x00000000f5580000)
 Metaspace       used 55207K, committed 56320K, reserved 1105920K
  class space    used 5452K, committed 5888K, reserved 1048576K
}
Event: 856.400 GC heap before
{Heap before GC invocations=482 (full 382):
 PSYoungGen      total 29696K, used 29184K [0x00000000f5580000, 0x00000000f8800000, 0x0000000100000000)
  eden space 29184K, 100% used [0x00000000f5580000,0x00000000f7200000,0x00000000f7200000)
  from space 512K, 0% used [0x00000000f7280000,0x00000000f7280000,0x00000000f7300000)
  to   space 10240K, 0% used [0x00000000f7c00000,0x00000000f7c00000,0x00000000f8600000)
 ParOldGen       total 349696K, used 349696K [0x00000000e0000000, 0x00000000f5580000, 0x00000000f5580000)
  object space 349696K, 100% used [0x00000000e0000000,0x00000000f5580000,0x00000000f5580000)
 Metaspace       used 55207K, committed 56320K, reserved 1105920K
  class space    used 5452K, committed 5888K, reserved 1048576K
}
Event: 858.334 GC heap after
{Heap after GC invocations=482 (full 382):
 PSYoungGen      total 39424K, used 29184K [0x00000000f5580000, 0x00000000f8800000, 0x0000000100000000)
  eden space 29184K, 100% used [0x00000000f5580000,0x00000000f7200000,0x00000000f7200000)
  from space 10240K, 0% used [0x00000000f7c00000,0x00000000f7c00000,0x00000000f8600000)
  to   space 512K, 0% used [0x00000000f7280000,0x00000000f7280000,0x00000000f7300000)
 ParOldGen       total 349696K, used 349695K [0x00000000e0000000, 0x00000000f5580000, 0x00000000f5580000)
  object space 349696K, 99% used [0x00000000e0000000,0x00000000f557ffd0,0x00000000f5580000)
 Metaspace       used 55207K, committed 56320K, reserved 1105920K
  class space    used 5452K, committed 5888K, reserved 1048576K
}
Event: 858.335 GC heap before
{Heap before GC invocations=483 (full 383):
 PSYoungGen      total 39424K, used 29184K [0x00000000f5580000, 0x00000000f8800000, 0x0000000100000000)
  eden space 29184K, 100% used [0x00000000f5580000,0x00000000f7200000,0x00000000f7200000)
  from space 10240K, 0% used [0x00000000f7c00000,0x00000000f7c00000,0x00000000f8600000)
  to   space 512K, 0% used [0x00000000f7280000,0x00000000f7280000,0x00000000f7300000)
 ParOldGen       total 349696K, used 349695K [0x00000000e0000000, 0x00000000f5580000, 0x00000000f5580000)
  object space 349696K, 99% used [0x00000000e0000000,0x00000000f557ffe8,0x00000000f5580000)
 Metaspace       used 55207K, committed 56320K, reserved 1105920K
  class space    used 5452K, committed 5888K, reserved 1048576K
}
Event: 860.294 GC heap after
{Heap after GC invocations=483 (full 383):
 PSYoungGen      total 29696K, used 29184K [0x00000000f5580000, 0x00000000f8800000, 0x0000000100000000)
  eden space 29184K, 100% used [0x00000000f5580000,0x00000000f7200000,0x00000000f7200000)
  from space 512K, 0% used [0x00000000f7280000,0x00000000f7280000,0x00000000f7300000)
  to   space 10240K, 0% used [0x00000000f7c00000,0x00000000f7c00000,0x00000000f8600000)
 ParOldGen       total 349696K, used 349695K [0x00000000e0000000, 0x00000000f5580000, 0x00000000f5580000)
  object space 349696K, 99% used [0x00000000e0000000,0x00000000f557ffe8,0x00000000f5580000)
 Metaspace       used 55207K, committed 56320K, reserved 1105920K
  class space    used 5452K, committed 5888K, reserved 1048576K
}
Event: 860.294 GC heap before
{Heap before GC invocations=484 (full 384):
 PSYoungGen      total 29696K, used 29184K [0x00000000f5580000, 0x00000000f8800000, 0x0000000100000000)
  eden space 29184K, 100% used [0x00000000f5580000,0x00000000f7200000,0x00000000f7200000)
  from space 512K, 0% used [0x00000000f7280000,0x00000000f7280000,0x00000000f7300000)
  to   space 10240K, 0% used [0x00000000f7c00000,0x00000000f7c00000,0x00000000f8600000)
 ParOldGen       total 349696K, used 349695K [0x00000000e0000000, 0x00000000f5580000, 0x00000000f5580000)
  object space 349696K, 99% used [0x00000000e0000000,0x00000000f557ffe8,0x00000000f5580000)
 Metaspace       used 55207K, committed 56320K, reserved 1105920K
  class space    used 5452K, committed 5888K, reserved 1048576K
}
Event: 862.005 GC heap after
{Heap after GC invocations=484 (full 384):
 PSYoungGen      total 39424K, used 29184K [0x00000000f5580000, 0x00000000f8800000, 0x0000000100000000)
  eden space 29184K, 100% used [0x00000000f5580000,0x00000000f7200000,0x00000000f7200000)
  from space 10240K, 0% used [0x00000000f7c00000,0x00000000f7c00000,0x00000000f8600000)
  to   space 512K, 0% used [0x00000000f7280000,0x00000000f7280000,0x00000000f7300000)
 ParOldGen       total 349696K, used 349695K [0x00000000e0000000, 0x00000000f5580000, 0x00000000f5580000)
  object space 349696K, 99% used [0x00000000e0000000,0x00000000f557ffe8,0x00000000f5580000)
 Metaspace       used 55207K, committed 56320K, reserved 1105920K
  class space    used 5452K, committed 5888K, reserved 1048576K
}

